

Started GET "/" for 50.205.205.230 at 2014-12-16 19:13:40 +0000
Processing by Rails::WelcomeController#index as HTML
  Rendered /usr/local/rvm/gems/ruby-2.1.4@rails4/gems/railties-4.1.7/lib/rails/templates/rails/welcome/index.html.erb (2.6ms)
Completed 200 OK in 25ms (Views: 13.3ms | ActiveRecord: 0.0ms)


Started GET "/admin/posts" for 50.205.205.230 at 2014-12-16 19:13:56 +0000

ActionController::RoutingError (No route matches [GET] "/admin/posts"):
  actionpack (4.1.7) lib/action_dispatch/middleware/debug_exceptions.rb:21:in `call'
  actionpack (4.1.7) lib/action_dispatch/middleware/show_exceptions.rb:30:in `call'
  railties (4.1.7) lib/rails/rack/logger.rb:38:in `call_app'
  railties (4.1.7) lib/rails/rack/logger.rb:20:in `block in call'
  activesupport (4.1.7) lib/active_support/tagged_logging.rb:68:in `block in tagged'
  activesupport (4.1.7) lib/active_support/tagged_logging.rb:26:in `tagged'
  activesupport (4.1.7) lib/active_support/tagged_logging.rb:68:in `tagged'
  railties (4.1.7) lib/rails/rack/logger.rb:20:in `call'
  actionpack (4.1.7) lib/action_dispatch/middleware/request_id.rb:21:in `call'
  rack (1.5.2) lib/rack/methodoverride.rb:21:in `call'
  rack (1.5.2) lib/rack/runtime.rb:17:in `call'
  activesupport (4.1.7) lib/active_support/cache/strategy/local_cache_middleware.rb:26:in `call'
  rack (1.5.2) lib/rack/lock.rb:17:in `call'
  actionpack (4.1.7) lib/action_dispatch/middleware/static.rb:84:in `call'
  rack (1.5.2) lib/rack/sendfile.rb:112:in `call'
  railties (4.1.7) lib/rails/engine.rb:514:in `call'
  railties (4.1.7) lib/rails/application.rb:144:in `call'
  rack (1.5.2) lib/rack/lock.rb:17:in `call'
  rack (1.5.2) lib/rack/content_length.rb:14:in `call'
  rack (1.5.2) lib/rack/handler/webrick.rb:60:in `service'
  /usr/local/rvm/rubies/ruby-2.1.4/lib/ruby/2.1.0/webrick/httpserver.rb:138:in `service'
  /usr/local/rvm/rubies/ruby-2.1.4/lib/ruby/2.1.0/webrick/httpserver.rb:94:in `run'
  /usr/local/rvm/rubies/ruby-2.1.4/lib/ruby/2.1.0/webrick/server.rb:295:in `block in start_thread'


  Rendered /usr/local/rvm/gems/ruby-2.1.4@rails4/gems/actionpack-4.1.7/lib/action_dispatch/middleware/templates/rescues/_trace.html.erb (1.1ms)
  Rendered /usr/local/rvm/gems/ruby-2.1.4@rails4/gems/actionpack-4.1.7/lib/action_dispatch/middleware/templates/routes/_route.html.erb (2.5ms)
  Rendered /usr/local/rvm/gems/ruby-2.1.4@rails4/gems/actionpack-4.1.7/lib/action_dispatch/middleware/templates/routes/_table.html.erb (9.5ms)
  Rendered /usr/local/rvm/gems/ruby-2.1.4@rails4/gems/actionpack-4.1.7/lib/action_dispatch/middleware/templates/rescues/routing_error.html.erb within rescues/layout (56.5ms)


Started GET "/admin/posts/new" for 50.205.205.230 at 2014-12-16 19:14:21 +0000
Processing by Admin::PostsController#new as HTML
  Rendered admin/posts/new.html.erb within layouts/application (0.4ms)
Completed 200 OK in 1430ms (Views: 1429.0ms | ActiveRecord: 0.0ms)


Started GET "/assets/admin/comments.css?body=1" for 50.205.205.230 at 2014-12-16 19:14:23 +0000


Started GET "/assets/admin/categories.css?body=1" for 50.205.205.230 at 2014-12-16 19:14:23 +0000


Started GET "/assets/admin/posts.css?body=1" for 50.205.205.230 at 2014-12-16 19:14:23 +0000


Started GET "/assets/admin/users.css?body=1" for 50.205.205.230 at 2014-12-16 19:14:23 +0000


Started GET "/assets/comments.css?body=1" for 50.205.205.230 at 2014-12-16 19:14:23 +0000


Started GET "/assets/application.css?body=1" for 50.205.205.230 at 2014-12-16 19:14:23 +0000


Started GET "/assets/jquery_ujs.js?body=1" for 50.205.205.230 at 2014-12-16 19:14:23 +0000


Started GET "/assets/turbolinks.js?body=1" for 50.205.205.230 at 2014-12-16 19:14:23 +0000


Started GET "/assets/admin/categories.js?body=1" for 50.205.205.230 at 2014-12-16 19:14:23 +0000


Started GET "/assets/admin/comments.js?body=1" for 50.205.205.230 at 2014-12-16 19:14:23 +0000


Started GET "/assets/admin/posts.js?body=1" for 50.205.205.230 at 2014-12-16 19:14:23 +0000


Started GET "/assets/admin/users.js?body=1" for 50.205.205.230 at 2014-12-16 19:14:23 +0000


Started GET "/assets/comments.js?body=1" for 50.205.205.230 at 2014-12-16 19:14:23 +0000


Started GET "/assets/application.js?body=1" for 50.205.205.230 at 2014-12-16 19:14:23 +0000


Started GET "/assets/jquery.js?body=1" for 50.205.205.230 at 2014-12-16 19:14:23 +0000


Started GET "/admin/posts" for 50.205.205.230 at 2014-12-16 19:15:51 +0000

ActionController::RoutingError (No route matches [GET] "/admin/posts"):
  actionpack (4.1.7) lib/action_dispatch/middleware/debug_exceptions.rb:21:in `call'
  actionpack (4.1.7) lib/action_dispatch/middleware/show_exceptions.rb:30:in `call'
  railties (4.1.7) lib/rails/rack/logger.rb:38:in `call_app'
  railties (4.1.7) lib/rails/rack/logger.rb:20:in `block in call'
  activesupport (4.1.7) lib/active_support/tagged_logging.rb:68:in `block in tagged'
  activesupport (4.1.7) lib/active_support/tagged_logging.rb:26:in `tagged'
  activesupport (4.1.7) lib/active_support/tagged_logging.rb:68:in `tagged'
  railties (4.1.7) lib/rails/rack/logger.rb:20:in `call'
  actionpack (4.1.7) lib/action_dispatch/middleware/request_id.rb:21:in `call'
  rack (1.5.2) lib/rack/methodoverride.rb:21:in `call'
  rack (1.5.2) lib/rack/runtime.rb:17:in `call'
  activesupport (4.1.7) lib/active_support/cache/strategy/local_cache_middleware.rb:26:in `call'
  rack (1.5.2) lib/rack/lock.rb:17:in `call'
  actionpack (4.1.7) lib/action_dispatch/middleware/static.rb:84:in `call'
  rack (1.5.2) lib/rack/sendfile.rb:112:in `call'
  railties (4.1.7) lib/rails/engine.rb:514:in `call'
  railties (4.1.7) lib/rails/application.rb:144:in `call'
  rack (1.5.2) lib/rack/lock.rb:17:in `call'
  rack (1.5.2) lib/rack/content_length.rb:14:in `call'
  rack (1.5.2) lib/rack/handler/webrick.rb:60:in `service'
  /usr/local/rvm/rubies/ruby-2.1.4/lib/ruby/2.1.0/webrick/httpserver.rb:138:in `service'
  /usr/local/rvm/rubies/ruby-2.1.4/lib/ruby/2.1.0/webrick/httpserver.rb:94:in `run'
  /usr/local/rvm/rubies/ruby-2.1.4/lib/ruby/2.1.0/webrick/server.rb:295:in `block in start_thread'


  Rendered /usr/local/rvm/gems/ruby-2.1.4@rails4/gems/actionpack-4.1.7/lib/action_dispatch/middleware/templates/rescues/_trace.html.erb (10.0ms)
  Rendered /usr/local/rvm/gems/ruby-2.1.4@rails4/gems/actionpack-4.1.7/lib/action_dispatch/middleware/templates/routes/_route.html.erb (2.4ms)
  Rendered /usr/local/rvm/gems/ruby-2.1.4@rails4/gems/actionpack-4.1.7/lib/action_dispatch/middleware/templates/routes/_table.html.erb (1.9ms)
  Rendered /usr/local/rvm/gems/ruby-2.1.4@rails4/gems/actionpack-4.1.7/lib/action_dispatch/middleware/templates/rescues/routing_error.html.erb within rescues/layout (51.4ms)


Started GET "/admin/posts" for 50.205.205.230 at 2014-12-16 19:16:30 +0000

ActionController::RoutingError (No route matches [GET] "/admin/posts"):
  actionpack (4.1.7) lib/action_dispatch/middleware/debug_exceptions.rb:21:in `call'
  actionpack (4.1.7) lib/action_dispatch/middleware/show_exceptions.rb:30:in `call'
  railties (4.1.7) lib/rails/rack/logger.rb:38:in `call_app'
  railties (4.1.7) lib/rails/rack/logger.rb:20:in `block in call'
  activesupport (4.1.7) lib/active_support/tagged_logging.rb:68:in `block in tagged'
  activesupport (4.1.7) lib/active_support/tagged_logging.rb:26:in `tagged'
  activesupport (4.1.7) lib/active_support/tagged_logging.rb:68:in `tagged'
  railties (4.1.7) lib/rails/rack/logger.rb:20:in `call'
  actionpack (4.1.7) lib/action_dispatch/middleware/request_id.rb:21:in `call'
  rack (1.5.2) lib/rack/methodoverride.rb:21:in `call'
  rack (1.5.2) lib/rack/runtime.rb:17:in `call'
  activesupport (4.1.7) lib/active_support/cache/strategy/local_cache_middleware.rb:26:in `call'
  rack (1.5.2) lib/rack/lock.rb:17:in `call'
  actionpack (4.1.7) lib/action_dispatch/middleware/static.rb:84:in `call'
  rack (1.5.2) lib/rack/sendfile.rb:112:in `call'
  railties (4.1.7) lib/rails/engine.rb:514:in `call'
  railties (4.1.7) lib/rails/application.rb:144:in `call'
  rack (1.5.2) lib/rack/lock.rb:17:in `call'
  rack (1.5.2) lib/rack/content_length.rb:14:in `call'
  rack (1.5.2) lib/rack/handler/webrick.rb:60:in `service'
  /usr/local/rvm/rubies/ruby-2.1.4/lib/ruby/2.1.0/webrick/httpserver.rb:138:in `service'
  /usr/local/rvm/rubies/ruby-2.1.4/lib/ruby/2.1.0/webrick/httpserver.rb:94:in `run'
  /usr/local/rvm/rubies/ruby-2.1.4/lib/ruby/2.1.0/webrick/server.rb:295:in `block in start_thread'


  Rendered /usr/local/rvm/gems/ruby-2.1.4@rails4/gems/actionpack-4.1.7/lib/action_dispatch/middleware/templates/rescues/_trace.html.erb (1.2ms)
  Rendered /usr/local/rvm/gems/ruby-2.1.4@rails4/gems/actionpack-4.1.7/lib/action_dispatch/middleware/templates/routes/_route.html.erb (2.8ms)
  Rendered /usr/local/rvm/gems/ruby-2.1.4@rails4/gems/actionpack-4.1.7/lib/action_dispatch/middleware/templates/routes/_table.html.erb (1.4ms)
  Rendered /usr/local/rvm/gems/ruby-2.1.4@rails4/gems/actionpack-4.1.7/lib/action_dispatch/middleware/templates/rescues/routing_error.html.erb within rescues/layout (43.0ms)


Started GET "/admin/posts" for 50.205.205.230 at 2014-12-16 19:16:34 +0000

ActionController::RoutingError (No route matches [GET] "/admin/posts"):
  actionpack (4.1.7) lib/action_dispatch/middleware/debug_exceptions.rb:21:in `call'
  actionpack (4.1.7) lib/action_dispatch/middleware/show_exceptions.rb:30:in `call'
  railties (4.1.7) lib/rails/rack/logger.rb:38:in `call_app'
  railties (4.1.7) lib/rails/rack/logger.rb:20:in `block in call'
  activesupport (4.1.7) lib/active_support/tagged_logging.rb:68:in `block in tagged'
  activesupport (4.1.7) lib/active_support/tagged_logging.rb:26:in `tagged'
  activesupport (4.1.7) lib/active_support/tagged_logging.rb:68:in `tagged'
  railties (4.1.7) lib/rails/rack/logger.rb:20:in `call'
  actionpack (4.1.7) lib/action_dispatch/middleware/request_id.rb:21:in `call'
  rack (1.5.2) lib/rack/methodoverride.rb:21:in `call'
  rack (1.5.2) lib/rack/runtime.rb:17:in `call'
  activesupport (4.1.7) lib/active_support/cache/strategy/local_cache_middleware.rb:26:in `call'
  rack (1.5.2) lib/rack/lock.rb:17:in `call'
  actionpack (4.1.7) lib/action_dispatch/middleware/static.rb:84:in `call'
  rack (1.5.2) lib/rack/sendfile.rb:112:in `call'
  railties (4.1.7) lib/rails/engine.rb:514:in `call'
  railties (4.1.7) lib/rails/application.rb:144:in `call'
  rack (1.5.2) lib/rack/lock.rb:17:in `call'
  rack (1.5.2) lib/rack/content_length.rb:14:in `call'
  rack (1.5.2) lib/rack/handler/webrick.rb:60:in `service'
  /usr/local/rvm/rubies/ruby-2.1.4/lib/ruby/2.1.0/webrick/httpserver.rb:138:in `service'
  /usr/local/rvm/rubies/ruby-2.1.4/lib/ruby/2.1.0/webrick/httpserver.rb:94:in `run'
  /usr/local/rvm/rubies/ruby-2.1.4/lib/ruby/2.1.0/webrick/server.rb:295:in `block in start_thread'


  Rendered /usr/local/rvm/gems/ruby-2.1.4@rails4/gems/actionpack-4.1.7/lib/action_dispatch/middleware/templates/rescues/_trace.html.erb (1.0ms)
  Rendered /usr/local/rvm/gems/ruby-2.1.4@rails4/gems/actionpack-4.1.7/lib/action_dispatch/middleware/templates/routes/_route.html.erb (2.7ms)
  Rendered /usr/local/rvm/gems/ruby-2.1.4@rails4/gems/actionpack-4.1.7/lib/action_dispatch/middleware/templates/routes/_table.html.erb (1.1ms)
  Rendered /usr/local/rvm/gems/ruby-2.1.4@rails4/gems/actionpack-4.1.7/lib/action_dispatch/middleware/templates/rescues/routing_error.html.erb within rescues/layout (38.6ms)


Started GET "/admin/posts" for 50.205.205.230 at 2014-12-16 19:16:41 +0000

ActionController::RoutingError (No route matches [GET] "/admin/posts"):
  actionpack (4.1.7) lib/action_dispatch/middleware/debug_exceptions.rb:21:in `call'
  actionpack (4.1.7) lib/action_dispatch/middleware/show_exceptions.rb:30:in `call'
  railties (4.1.7) lib/rails/rack/logger.rb:38:in `call_app'
  railties (4.1.7) lib/rails/rack/logger.rb:20:in `block in call'
  activesupport (4.1.7) lib/active_support/tagged_logging.rb:68:in `block in tagged'
  activesupport (4.1.7) lib/active_support/tagged_logging.rb:26:in `tagged'
  activesupport (4.1.7) lib/active_support/tagged_logging.rb:68:in `tagged'
  railties (4.1.7) lib/rails/rack/logger.rb:20:in `call'
  actionpack (4.1.7) lib/action_dispatch/middleware/request_id.rb:21:in `call'
  rack (1.5.2) lib/rack/methodoverride.rb:21:in `call'
  rack (1.5.2) lib/rack/runtime.rb:17:in `call'
  activesupport (4.1.7) lib/active_support/cache/strategy/local_cache_middleware.rb:26:in `call'
  rack (1.5.2) lib/rack/lock.rb:17:in `call'
  actionpack (4.1.7) lib/action_dispatch/middleware/static.rb:84:in `call'
  rack (1.5.2) lib/rack/sendfile.rb:112:in `call'
  railties (4.1.7) lib/rails/engine.rb:514:in `call'
  railties (4.1.7) lib/rails/application.rb:144:in `call'
  rack (1.5.2) lib/rack/lock.rb:17:in `call'
  rack (1.5.2) lib/rack/content_length.rb:14:in `call'
  rack (1.5.2) lib/rack/handler/webrick.rb:60:in `service'
  /usr/local/rvm/rubies/ruby-2.1.4/lib/ruby/2.1.0/webrick/httpserver.rb:138:in `service'
  /usr/local/rvm/rubies/ruby-2.1.4/lib/ruby/2.1.0/webrick/httpserver.rb:94:in `run'
  /usr/local/rvm/rubies/ruby-2.1.4/lib/ruby/2.1.0/webrick/server.rb:295:in `block in start_thread'


  Rendered /usr/local/rvm/gems/ruby-2.1.4@rails4/gems/actionpack-4.1.7/lib/action_dispatch/middleware/templates/rescues/_trace.html.erb (1.3ms)
  Rendered /usr/local/rvm/gems/ruby-2.1.4@rails4/gems/actionpack-4.1.7/lib/action_dispatch/middleware/templates/routes/_route.html.erb (4.1ms)
  Rendered /usr/local/rvm/gems/ruby-2.1.4@rails4/gems/actionpack-4.1.7/lib/action_dispatch/middleware/templates/routes/_table.html.erb (1.2ms)
  Rendered /usr/local/rvm/gems/ruby-2.1.4@rails4/gems/actionpack-4.1.7/lib/action_dispatch/middleware/templates/rescues/routing_error.html.erb within rescues/layout (47.1ms)


Started GET "/admin/posts" for 50.205.205.230 at 2014-12-16 19:17:17 +0000

ActionController::RoutingError (No route matches [GET] "/admin/posts"):
  actionpack (4.1.7) lib/action_dispatch/middleware/debug_exceptions.rb:21:in `call'
  actionpack (4.1.7) lib/action_dispatch/middleware/show_exceptions.rb:30:in `call'
  railties (4.1.7) lib/rails/rack/logger.rb:38:in `call_app'
  railties (4.1.7) lib/rails/rack/logger.rb:20:in `block in call'
  activesupport (4.1.7) lib/active_support/tagged_logging.rb:68:in `block in tagged'
  activesupport (4.1.7) lib/active_support/tagged_logging.rb:26:in `tagged'
  activesupport (4.1.7) lib/active_support/tagged_logging.rb:68:in `tagged'
  railties (4.1.7) lib/rails/rack/logger.rb:20:in `call'
  actionpack (4.1.7) lib/action_dispatch/middleware/request_id.rb:21:in `call'
  rack (1.5.2) lib/rack/methodoverride.rb:21:in `call'
  rack (1.5.2) lib/rack/runtime.rb:17:in `call'
  activesupport (4.1.7) lib/active_support/cache/strategy/local_cache_middleware.rb:26:in `call'
  rack (1.5.2) lib/rack/lock.rb:17:in `call'
  actionpack (4.1.7) lib/action_dispatch/middleware/static.rb:84:in `call'
  rack (1.5.2) lib/rack/sendfile.rb:112:in `call'
  railties (4.1.7) lib/rails/engine.rb:514:in `call'
  railties (4.1.7) lib/rails/application.rb:144:in `call'
  rack (1.5.2) lib/rack/lock.rb:17:in `call'
  rack (1.5.2) lib/rack/content_length.rb:14:in `call'
  rack (1.5.2) lib/rack/handler/webrick.rb:60:in `service'
  /usr/local/rvm/rubies/ruby-2.1.4/lib/ruby/2.1.0/webrick/httpserver.rb:138:in `service'
  /usr/local/rvm/rubies/ruby-2.1.4/lib/ruby/2.1.0/webrick/httpserver.rb:94:in `run'
  /usr/local/rvm/rubies/ruby-2.1.4/lib/ruby/2.1.0/webrick/server.rb:295:in `block in start_thread'


  Rendered /usr/local/rvm/gems/ruby-2.1.4@rails4/gems/actionpack-4.1.7/lib/action_dispatch/middleware/templates/rescues/_trace.html.erb (1.2ms)
  Rendered /usr/local/rvm/gems/ruby-2.1.4@rails4/gems/actionpack-4.1.7/lib/action_dispatch/middleware/templates/routes/_route.html.erb (3.0ms)
  Rendered /usr/local/rvm/gems/ruby-2.1.4@rails4/gems/actionpack-4.1.7/lib/action_dispatch/middleware/templates/routes/_table.html.erb (9.3ms)
  Rendered /usr/local/rvm/gems/ruby-2.1.4@rails4/gems/actionpack-4.1.7/lib/action_dispatch/middleware/templates/rescues/routing_error.html.erb within rescues/layout (55.3ms)


Started GET "/admin/posts/index" for 50.205.205.230 at 2014-12-16 19:17:34 +0000
Processing by Admin::PostsController#index as HTML
  Rendered admin/posts/index.html.erb within layouts/application (0.5ms)
Completed 200 OK in 140ms (Views: 129.0ms | ActiveRecord: 0.0ms)


Started GET "/admin/posts/index" for 50.205.205.230 at 2014-12-16 19:34:09 +0000
Processing by Admin::PostsController#index as HTML
  Rendered admin/posts/index.html.erb within layouts/application (0.1ms)
Completed 200 OK in 71ms (Views: 69.4ms | ActiveRecord: 0.0ms)


Started GET "/admin/posts" for 50.205.205.230 at 2014-12-16 19:34:20 +0000

ActionController::RoutingError (No route matches [GET] "/admin/posts"):
  actionpack (4.1.7) lib/action_dispatch/middleware/debug_exceptions.rb:21:in `call'
  actionpack (4.1.7) lib/action_dispatch/middleware/show_exceptions.rb:30:in `call'
  railties (4.1.7) lib/rails/rack/logger.rb:38:in `call_app'
  railties (4.1.7) lib/rails/rack/logger.rb:20:in `block in call'
  activesupport (4.1.7) lib/active_support/tagged_logging.rb:68:in `block in tagged'
  activesupport (4.1.7) lib/active_support/tagged_logging.rb:26:in `tagged'
  activesupport (4.1.7) lib/active_support/tagged_logging.rb:68:in `tagged'
  railties (4.1.7) lib/rails/rack/logger.rb:20:in `call'
  actionpack (4.1.7) lib/action_dispatch/middleware/request_id.rb:21:in `call'
  rack (1.5.2) lib/rack/methodoverride.rb:21:in `call'
  rack (1.5.2) lib/rack/runtime.rb:17:in `call'
  activesupport (4.1.7) lib/active_support/cache/strategy/local_cache_middleware.rb:26:in `call'
  rack (1.5.2) lib/rack/lock.rb:17:in `call'
  actionpack (4.1.7) lib/action_dispatch/middleware/static.rb:84:in `call'
  rack (1.5.2) lib/rack/sendfile.rb:112:in `call'
  railties (4.1.7) lib/rails/engine.rb:514:in `call'
  railties (4.1.7) lib/rails/application.rb:144:in `call'
  rack (1.5.2) lib/rack/lock.rb:17:in `call'
  rack (1.5.2) lib/rack/content_length.rb:14:in `call'
  rack (1.5.2) lib/rack/handler/webrick.rb:60:in `service'
  /usr/local/rvm/rubies/ruby-2.1.4/lib/ruby/2.1.0/webrick/httpserver.rb:138:in `service'
  /usr/local/rvm/rubies/ruby-2.1.4/lib/ruby/2.1.0/webrick/httpserver.rb:94:in `run'
  /usr/local/rvm/rubies/ruby-2.1.4/lib/ruby/2.1.0/webrick/server.rb:295:in `block in start_thread'


  Rendered /usr/local/rvm/gems/ruby-2.1.4@rails4/gems/actionpack-4.1.7/lib/action_dispatch/middleware/templates/rescues/_trace.html.erb (1.1ms)
  Rendered /usr/local/rvm/gems/ruby-2.1.4@rails4/gems/actionpack-4.1.7/lib/action_dispatch/middleware/templates/routes/_route.html.erb (2.3ms)
  Rendered /usr/local/rvm/gems/ruby-2.1.4@rails4/gems/actionpack-4.1.7/lib/action_dispatch/middleware/templates/routes/_table.html.erb (35.9ms)
  Rendered /usr/local/rvm/gems/ruby-2.1.4@rails4/gems/actionpack-4.1.7/lib/action_dispatch/middleware/templates/rescues/routing_error.html.erb within rescues/layout (75.3ms)


Started GET "/admin/posts/index" for 50.205.205.230 at 2014-12-16 19:34:38 +0000
Processing by Admin::PostsController#index as HTML
  Rendered admin/posts/index.html.erb within layouts/application (0.1ms)
Completed 200 OK in 69ms (Views: 68.2ms | ActiveRecord: 0.0ms)
  [1m[36m (13.5ms)[0m  [1mCREATE TABLE "schema_migrations" ("version" varchar(255) NOT NULL) [0m
  [1m[35m (0.2ms)[0m  select sqlite_version(*)
  [1m[36m (9.7ms)[0m  [1mCREATE UNIQUE INDEX "unique_schema_migrations" ON "schema_migrations" ("version")[0m
  [1m[35mActiveRecord::SchemaMigration Load (0.2ms)[0m  SELECT "schema_migrations".* FROM "schema_migrations"
Migrating to CreatePosts (20141216201834)
  [1m[36m (0.1ms)[0m  [1mbegin transaction[0m
  [1m[35m (0.6ms)[0m  CREATE TABLE "posts" ("id" INTEGER PRIMARY KEY AUTOINCREMENT NOT NULL, "title" varchar(255), "category_id" integer, "user_id" integer, "tags" text, "image" varchar(255), "body" text, "created_at" datetime, "updated_at" datetime) 
  [1m[36mSQL (0.5ms)[0m  [1mINSERT INTO "schema_migrations" ("version") VALUES (?)[0m  [["version", "20141216201834"]]
  [1m[35m (11.5ms)[0m  commit transaction
  [1m[36mActiveRecord::SchemaMigration Load (0.1ms)[0m  [1mSELECT "schema_migrations".* FROM "schema_migrations"[0m
